# JRE version: Java(TM) SE Runtime Environment (8.0_66-b18) (build 1.8.0_66-b18)
# Java VM: Java HotSpot(TM) 64-Bit Server VM (25.66-b18 mixed mode windows-amd64 compressed oops)
Heap:
 PSYoungGen      total 628736K, used 368938K [0x00000000d5f00000, 0x0000000100000000, 0x0000000100000000)
  eden space 586752K, 57% used [0x00000000d5f00000,0x00000000ea8abbd8,0x00000000f9c00000)
  from space 41984K, 74% used [0x00000000f9c00000,0x00000000fba9ec28,0x00000000fc500000)
  to   space 44032K, 0% used [0x00000000fd500000,0x00000000fd500000,0x0000000100000000)
 ParOldGen       total 165888K, used 61533K [0x0000000081c00000, 0x000000008be00000, 0x00000000d5f00000)
  object space 165888K, 37% used [0x0000000081c00000,0x0000000085817410,0x000000008be00000)
 Metaspace       used 81925K, capacity 83161K, committed 83456K, reserved 1122304K
  class space    used 9620K, capacity 9975K, committed 9984K, reserved 1048576K
GC Heap History (10 events):
Event: 20.104 GC heap before
{Heap before GC invocations=15 (full 3):
 PSYoungGen      total 500736K, used 14734K [0x00000000d5f00000, 0x00000000f7880000, 0x0000000100000000)
  eden space 462336K, 0% used [0x00000000d5f00000,0x00000000d5f00000,0x00000000f2280000)
  from space 38400K, 38% used [0x00000000f5300000,0x00000000f6163bc0,0x00000000f7880000)
  to   space 44032K, 0% used [0x00000000f2280000,0x00000000f2280000,0x00000000f4d80000)
 ParOldGen       total 118272K, used 65649K [0x0000000081c00000, 0x0000000088f80000, 0x00000000d5f00000)
  object space 118272K, 55% used [0x0000000081c00000,0x0000000085c1c640,0x0000000088f80000)
 Metaspace       used 39744K, capacity 40422K, committed 40704K, reserved 1085440K
  class space    used 4570K, capacity 4789K, committed 4864K, reserved 1048576K
Event: 20.290 GC heap after
Heap after GC invocations=15 (full 3):
 PSYoungGen      total 500736K, used 0K [0x00000000d5f00000, 0x00000000f7880000, 0x0000000100000000)
  eden space 462336K, 0% used [0x00000000d5f00000,0x00000000d5f00000,0x00000000f2280000)
  from space 38400K, 0% used [0x00000000f5300000,0x00000000f5300000,0x00000000f7880000)
  to   space 44032K, 0% used [0x00000000f2280000,0x00000000f2280000,0x00000000f4d80000)
 ParOldGen       total 121344K, used 40072K [0x0000000081c00000, 0x0000000089280000, 0x00000000d5f00000)
  object space 121344K, 33% used [0x0000000081c00000,0x0000000084322228,0x0000000089280000)
 Metaspace       used 39744K, capacity 40422K, committed 40704K, reserved 1085440K
  class space    used 4570K, capacity 4789K, committed 4864K, reserved 1048576K
}
Event: 30.196 GC heap before
{Heap before GC invocations=16 (full 3):
 PSYoungGen      total 500736K, used 462336K [0x00000000d5f00000, 0x00000000f7880000, 0x0000000100000000)
  eden space 462336K, 100% used [0x00000000d5f00000,0x00000000f2280000,0x00000000f2280000)
  from space 38400K, 0% used [0x00000000f5300000,0x00000000f5300000,0x00000000f7880000)
  to   space 44032K, 0% used [0x00000000f2280000,0x00000000f2280000,0x00000000f4d80000)
 ParOldGen       total 121344K, used 40072K [0x0000000081c00000, 0x0000000089280000, 0x00000000d5f00000)
  object space 121344K, 33% used [0x0000000081c00000,0x0000000084322228,0x0000000089280000)
 Metaspace       used 56161K, capacity 56932K, committed 57600K, reserved 1099776K
  class space    used 6625K, capacity 6858K, committed 6912K, reserved 1048576K
Event: 30.218 GC heap after
Heap after GC invocations=16 (full 3):
 PSYoungGen      total 506368K, used 24190K [0x00000000d5f00000, 0x00000000ff980000, 0x0000000100000000)
  eden space 462336K, 0% used [0x00000000d5f00000,0x00000000d5f00000,0x00000000f2280000)
  from space 44032K, 54% used [0x00000000f2280000,0x00000000f3a1fa20,0x00000000f4d80000)
  to   space 43520K, 0% used [0x00000000fcf00000,0x00000000fcf00000,0x00000000ff980000)
 ParOldGen       total 121344K, used 40080K [0x0000000081c00000, 0x0000000089280000, 0x00000000d5f00000)
  object space 121344K, 33% used [0x0000000081c00000,0x0000000084324228,0x0000000089280000)
 Metaspace       used 56161K, capacity 56932K, committed 57600K, reserved 1099776K
  class space    used 6625K, capacity 6858K, committed 6912K, reserved 1048576K
}
Event: 34.029 GC heap before
{Heap before GC invocations=17 (full 3):
 PSYoungGen      total 506368K, used 440161K [0x00000000d5f00000, 0x00000000ff980000, 0x0000000100000000)
  eden space 462336K, 89% used [0x00000000d5f00000,0x00000000ef538c18,0x00000000f2280000)
  from space 44032K, 54% used [0x00000000f2280000,0x00000000f3a1fa20,0x00000000f4d80000)
  to   space 43520K, 0% used [0x00000000fcf00000,0x00000000fcf00000,0x00000000ff980000)
 ParOldGen       total 121344K, used 40080K [0x0000000081c00000, 0x0000000089280000, 0x00000000d5f00000)
  object space 121344K, 33% used [0x0000000081c00000,0x0000000084324228,0x0000000089280000)
 Metaspace       used 66438K, capacity 67330K, committed 67840K, reserved 1110016K
  class space    used 7871K, capacity 8127K, committed 8192K, reserved 1048576K
Event: 34.063 GC heap after
Heap after GC invocations=17 (full 3):
 PSYoungGen      total 618496K, used 20426K [0x00000000d5f00000, 0x00000000fee00000, 0x0000000100000000)
  eden space 586752K, 0% used [0x00000000d5f00000,0x00000000d5f00000,0x00000000f9c00000)
  from space 31744K, 64% used [0x00000000fcf00000,0x00000000fe2f2b40,0x00000000fee00000)
  to   space 41984K, 0% used [0x00000000f9c00000,0x00000000f9c00000,0x00000000fc500000)
 ParOldGen       total 121344K, used 53047K [0x0000000081c00000, 0x0000000089280000, 0x00000000d5f00000)
  object space 121344K, 43% used [0x0000000081c00000,0x0000000084fcdd98,0x0000000089280000)
 Metaspace       used 66438K, capacity 67330K, committed 67840K, reserved 1110016K
  class space    used 7871K, capacity 8127K, committed 8192K, reserved 1048576K
}
Event: 34.063 GC heap before
{Heap before GC invocations=18 (full 4):
 PSYoungGen      total 618496K, used 20426K [0x00000000d5f00000, 0x00000000fee00000, 0x0000000100000000)
  eden space 586752K, 0% used [0x00000000d5f00000,0x00000000d5f00000,0x00000000f9c00000)
  from space 31744K, 64% used [0x00000000fcf00000,0x00000000fe2f2b40,0x00000000fee00000)
  to   space 41984K, 0% used [0x00000000f9c00000,0x00000000f9c00000,0x00000000fc500000)
 ParOldGen       total 121344K, used 53047K [0x0000000081c00000, 0x0000000089280000, 0x00000000d5f00000)
  object space 121344K, 43% used [0x0000000081c00000,0x0000000084fcdd98,0x0000000089280000)
 Metaspace       used 66438K, capacity 67330K, committed 67840K, reserved 1110016K
  class space    used 7871K, capacity 8127K, committed 8192K, reserved 1048576K
Event: 34.187 GC heap after
Heap after GC invocations=18 (full 4):
 PSYoungGen      total 618496K, used 0K [0x00000000d5f00000, 0x00000000fee00000, 0x0000000100000000)
  eden space 586752K, 0% used [0x00000000d5f00000,0x00000000d5f00000,0x00000000f9c00000)
  from space 31744K, 0% used [0x00000000fcf00000,0x00000000fcf00000,0x00000000fee00000)
  to   space 41984K, 0% used [0x00000000f9c00000,0x00000000f9c00000,0x00000000fc500000)
 ParOldGen       total 165888K, used 61525K [0x0000000081c00000, 0x000000008be00000, 0x00000000d5f00000)
  object space 165888K, 37% used [0x0000000081c00000,0x0000000085815410,0x000000008be00000)
 Metaspace       used 66438K, capacity 67330K, committed 67840K, reserved 1110016K
  class space    used 7871K, capacity 8127K, committed 8192K, reserved 1048576K
}
Event: 139.657 GC heap before
{Heap before GC invocations=19 (full 4):
 PSYoungGen      total 618496K, used 586752K [0x00000000d5f00000, 0x00000000fee00000, 0x0000000100000000)
  eden space 586752K, 100% used [0x00000000d5f00000,0x00000000f9c00000,0x00000000f9c00000)
  from space 31744K, 0% used [0x00000000fcf00000,0x00000000fcf00000,0x00000000fee00000)
  to   space 41984K, 0% used [0x00000000f9c00000,0x00000000f9c00000,0x00000000fc500000)
 ParOldGen       total 165888K, used 61525K [0x0000000081c00000, 0x000000008be00000, 0x00000000d5f00000)
  object space 165888K, 37% used [0x0000000081c00000,0x0000000085815410,0x000000008be00000)
 Metaspace       used 81152K, capacity 82459K, committed 82944K, reserved 1122304K
  class space    used 9606K, capacity 9963K, committed 9984K, reserved 1048576K
Event: 139.679 GC heap after
Heap after GC invocations=19 (full 4):
 PSYoungGen      total 628736K, used 31355K [0x00000000d5f00000, 0x0000000100000000, 0x0000000100000000)
  eden space 586752K, 0% used [0x00000000d5f00000,0x00000000d5f00000,0x00000000f9c00000)
  from space 41984K, 74% used [0x00000000f9c00000,0x00000000fba9ec28,0x00000000fc500000)
  to   space 44032K, 0% used [0x00000000fd500000,0x00000000fd500000,0x0000000100000000)
 ParOldGen       total 165888K, used 61533K [0x0000000081c00000, 0x000000008be00000, 0x00000000d5f00000)
  object space 165888K, 37% used [0x0000000081c00000,0x0000000085817410,0x000000008be00000)
 Metaspace       used 81152K, capacity 82459K, committed 82944K, reserved 1122304K
  class space    used 9606K, capacity 9963K, committed 9984K, reserved 1048576K
}

